{
  "RSpec": {
    "coverage": {
      "/Users/nellyduclos/code/knopfler81/perso/duclos_tutos/app/models/user.rb": [
        1,
        1,
        1,
        null,
        1,
        null,
        1,
        null,
        1,
        null,
        null,
        1,
        0,
        0,
        0,
        0,
        0,
        0,
        null,
        0,
        0,
        0,
        0,
        null,
        0,
        0,
        0,
        null,
        null,
        0,
        null,
        null,
        1,
        0,
        0,
        null,
        0,
        null,
        null,
        null,
        1,
        0,
        null,
        null,
        1,
        1,
        null,
        null,
        null,
        1,
        0,
        null,
        null,
        null
      ],
      "/Users/nellyduclos/code/knopfler81/perso/duclos_tutos/app/helpers/admin/users_helper.rb": [
        1,
        null
      ],
      "/Users/nellyduclos/code/knopfler81/perso/duclos_tutos/app/helpers/application_helper.rb": [
        1,
        null,
        1,
        1,
        0,
        null,
        null,
        null,
        null,
        1,
        0,
        0,
        0,
        null,
        null,
        null,
        null,
        null,
        null,
        null,
        0,
        0,
        null,
        null,
        null,
        null,
        1,
        0,
        null,
        null,
        null,
        null,
        null,
        null,
        null,
        null,
        null,
        0,
        null,
        null
      ],
      "/Users/nellyduclos/code/knopfler81/perso/duclos_tutos/app/helpers/categories_helper.rb": [
        1,
        null
      ],
      "/Users/nellyduclos/code/knopfler81/perso/duclos_tutos/app/helpers/home_helper.rb": [
        1,
        null
      ],
      "/Users/nellyduclos/code/knopfler81/perso/duclos_tutos/app/helpers/reviews_helper.rb": [
        1,
        null
      ],
      "/Users/nellyduclos/code/knopfler81/perso/duclos_tutos/app/helpers/tutos_helper.rb": [
        1,
        null
      ],
      "/Users/nellyduclos/code/knopfler81/perso/duclos_tutos/app/helpers/users_helper.rb": [
        1,
        null
      ],
      "/Users/nellyduclos/code/knopfler81/perso/duclos_tutos/app/models/tuto.rb": [
        1,
        null,
        1,
        1,
        1,
        1,
        1,
        1,
        null,
        null,
        1,
        null,
        1,
        null,
        1,
        0,
        0,
        null,
        0,
        null,
        null,
        null,
        1,
        1,
        1,
        2,
        null,
        1,
        1,
        null,
        null,
        null,
        null
      ],
      "/Users/nellyduclos/code/knopfler81/perso/duclos_tutos/app/mailers/user_mailer.rb": [
        1,
        null,
        null,
        null,
        null,
        null,
        null,
        1,
        1,
        1,
        null,
        null
      ],
      "/Users/nellyduclos/code/knopfler81/perso/duclos_tutos/app/mailers/application_mailer.rb": [
        1,
        1,
        1,
        null
      ],
      "/Users/nellyduclos/code/knopfler81/perso/duclos_tutos/app/models/category.rb": [
        1,
        1,
        null,
        null
      ],
      "/Users/nellyduclos/code/knopfler81/perso/duclos_tutos/app/models/review.rb": [
        1,
        1,
        1,
        1,
        1,
        1,
        null,
        null,
        null,
        null
      ],
      "/Users/nellyduclos/code/knopfler81/perso/duclos_tutos/app/controllers/admin/users_controller.rb": [
        0,
        0,
        0,
        0,
        0,
        0,
        0,
        0,
        0,
        0,
        0,
        0,
        0,
        0,
        0,
        0,
        0,
        0,
        0,
        0,
        0,
        0,
        0,
        0,
        0,
        0,
        0,
        0
      ],
      "/Users/nellyduclos/code/knopfler81/perso/duclos_tutos/app/controllers/application_controller.rb": [
        0,
        0,
        0,
        0,
        0,
        0,
        0,
        0,
        0,
        0,
        0,
        0,
        0,
        0,
        0,
        0,
        0,
        0,
        0,
        0,
        0,
        0,
        0,
        0,
        0,
        0,
        0,
        0
      ],
      "/Users/nellyduclos/code/knopfler81/perso/duclos_tutos/app/controllers/categories_controller.rb": [
        0,
        0,
        0,
        0,
        0,
        0,
        0,
        0,
        0
      ],
      "/Users/nellyduclos/code/knopfler81/perso/duclos_tutos/app/controllers/home_controller.rb": [
        0,
        0,
        0,
        0,
        0
      ],
      "/Users/nellyduclos/code/knopfler81/perso/duclos_tutos/app/controllers/registrations_controller.rb": [
        0,
        0,
        0,
        0,
        0,
        0,
        0,
        0,
        0,
        0,
        0,
        0,
        0,
        0,
        0,
        0,
        0,
        0,
        0,
        0,
        0,
        0,
        0,
        0,
        0,
        0,
        0
      ],
      "/Users/nellyduclos/code/knopfler81/perso/duclos_tutos/app/controllers/reviews_controller.rb": [
        0,
        0,
        0,
        0,
        0,
        0,
        0,
        0,
        0,
        0,
        0,
        0,
        0,
        0,
        0,
        0,
        0,
        0,
        0,
        0,
        0,
        0,
        0,
        0,
        0,
        0,
        0,
        0,
        0,
        0,
        0,
        0,
        0,
        0,
        0,
        0,
        0,
        0,
        0,
        0,
        0,
        0,
        0,
        0,
        0,
        0,
        0,
        0,
        0,
        0,
        0,
        0
      ],
      "/Users/nellyduclos/code/knopfler81/perso/duclos_tutos/app/controllers/tutos_controller.rb": [
        0,
        0,
        0,
        0,
        0,
        0,
        0,
        0,
        0,
        0,
        0,
        0,
        0,
        0,
        0,
        0,
        0,
        0,
        0,
        0,
        0,
        0,
        0,
        0,
        0,
        0,
        0,
        0,
        0,
        0,
        0,
        0,
        0,
        0,
        0,
        0,
        0,
        0,
        0,
        0,
        0,
        0,
        0,
        0,
        0,
        0,
        0,
        0,
        0,
        0,
        0,
        0,
        0,
        0,
        0,
        0,
        0,
        0,
        0,
        0,
        0,
        0,
        0,
        0,
        0,
        0,
        0,
        0,
        0,
        0,
        0,
        0,
        0,
        0,
        0,
        0,
        0,
        0,
        0,
        0,
        0,
        0,
        0,
        0,
        0,
        0,
        0,
        0,
        0,
        0,
        0,
        0
      ],
      "/Users/nellyduclos/code/knopfler81/perso/duclos_tutos/app/controllers/users/omniauth_callbacks_controller.rb": [
        0,
        0,
        0,
        0,
        0,
        0,
        0,
        0,
        0,
        0,
        0,
        0,
        0
      ],
      "/Users/nellyduclos/code/knopfler81/perso/duclos_tutos/app/controllers/users_controller.rb": [
        0,
        0,
        0,
        0,
        0,
        0,
        0,
        0,
        0,
        0,
        0,
        0,
        0,
        0,
        0,
        0,
        0,
        0,
        0,
        0,
        0,
        0,
        0,
        0,
        0,
        0,
        0,
        0
      ]
    },
    "timestamp": 1496671649
  }
}
